<?xml version="1.0" encoding="UTF-8"?>
<!-- Generated by org.testng.reporters.JUnitReportReporter -->
<testsuite hostname="MWLTPF1MEAFD" failures="0" tests="1" name="TakeAway.AssesmentRest.Test_Post2" time="2.656" errors="0" timestamp="2019-10-08T18:20:49 SAST" skipped="0">
  <testcase classname="TakeAway.AssesmentRest.Test_Post2" name="postsTypicode" time="2.656"/>
</testsuite> <!-- TakeAway.AssesmentRest.Test_Post2 -->
