<?xml version="1.0" encoding="UTF-8"?>
<!-- Generated by org.testng.reporters.JUnitReportReporter -->
<testsuite hostname="MWLTPF1MEAFD" failures="0" tests="1" name="TakeAway.AssesmentRest.NewTest" time="2.307" errors="0" timestamp="2019-10-07T20:22:49 SAST" skipped="0">
  <testcase classname="TakeAway.AssesmentRest.NewTest" name="testGetAlbumsHas100Records" time="2.307"/>
</testsuite> <!-- TakeAway.AssesmentRest.NewTest -->
