<?xml version="1.0" encoding="UTF-8"?>
<!-- Generated by org.testng.reporters.JUnitReportReporter -->
<testsuite hostname="MWLTPF1MEAFD" failures="0" tests="1" name="TakeAway.AssesmentRest.NewTest" time="3.049" errors="0" timestamp="2019-10-07T20:51:33 SAST" skipped="0">
  <testcase classname="TakeAway.AssesmentRest.NewTest" name="testGetAlbums_isActiveAndReturningRecords" time="3.049"/>
</testsuite> <!-- TakeAway.AssesmentRest.NewTest -->
