<?xml version="1.0" encoding="UTF-8"?>
<!-- Generated by org.testng.reporters.JUnitReportReporter -->
<testsuite hostname="MWLTPF1MEAFD" failures="0" tests="3" name="TakeAway.AssesmentRest.Test_GetUsers" time="2.620" errors="0" timestamp="2019-10-09T18:38:11 SAST" skipped="0">
  <testcase classname="TakeAway.AssesmentRest.Test_GetUsers" name="getFirstUserRecordAndConfirmAllReturnedData" time="0.925"/>
  <testcase classname="TakeAway.AssesmentRest.Test_GetUsers" name="getUsersIsReturningRecords" time="0.749"/>
  <testcase classname="TakeAway.AssesmentRest.Test_GetUsers" name="logRespondsTimeOnGettingAllUsers" time="0.946"/>
</testsuite> <!-- TakeAway.AssesmentRest.Test_GetUsers -->
