<?xml version="1.0" encoding="UTF-8"?>
<!-- Generated by org.testng.reporters.JUnitReportReporter -->
<testsuite hostname="MWLTPF1MEAFD" failures="0" tests="10" name="TakeAway.AssesmentRest.Test_BasicLoadTest" time="12.854" errors="0" timestamp="2019-10-09T18:06:06 SAST" skipped="0">
  <testcase classname="TakeAway.AssesmentRest.Test_BasicLoadTest" name="getAlbumsBasicLoadTest" time="0.803"/>
  <testcase classname="TakeAway.AssesmentRest.Test_BasicLoadTest" name="getAlbumsBasicLoadTest" time="3.174"/>
  <testcase classname="TakeAway.AssesmentRest.Test_BasicLoadTest" name="getAlbumsBasicLoadTest" time="0.813"/>
  <testcase classname="TakeAway.AssesmentRest.Test_BasicLoadTest" name="getAlbumsBasicLoadTest" time="0.923"/>
  <testcase classname="TakeAway.AssesmentRest.Test_BasicLoadTest" name="getAlbumsBasicLoadTest" time="0.918"/>
  <testcase classname="TakeAway.AssesmentRest.Test_BasicLoadTest" name="getAlbumsBasicLoadTest" time="3.174"/>
  <testcase classname="TakeAway.AssesmentRest.Test_BasicLoadTest" name="getAlbumsBasicLoadTest" time="0.717"/>
  <testcase classname="TakeAway.AssesmentRest.Test_BasicLoadTest" name="getAlbumsBasicLoadTest" time="0.720"/>
  <testcase classname="TakeAway.AssesmentRest.Test_BasicLoadTest" name="getAlbumsBasicLoadTest" time="0.801"/>
  <testcase classname="TakeAway.AssesmentRest.Test_BasicLoadTest" name="getAlbumsBasicLoadTest" time="0.811"/>
</testsuite> <!-- TakeAway.AssesmentRest.Test_BasicLoadTest -->
