<?xml version="1.0" encoding="UTF-8"?>
<!-- Generated by org.testng.reporters.JUnitReportReporter -->
<testsuite hostname="MWLTPF1MEAFD" failures="0" tests="3" name="TakeAway.AssesmentRest.Test_GetUsersRestService" time="4.114" errors="0" timestamp="2019-10-09T16:05:33 SAST" skipped="0">
  <testcase classname="TakeAway.AssesmentRest.Test_GetUsersRestService" name="getFirstUserRecordAndConfirmAllReturnedData" time="2.454"/>
  <testcase classname="TakeAway.AssesmentRest.Test_GetUsersRestService" name="getUsersIsReturningRecords" time="0.807"/>
  <testcase classname="TakeAway.AssesmentRest.Test_GetUsersRestService" name="logRespondsTimeOnGettingAllUsers" time="0.853"/>
</testsuite> <!-- TakeAway.AssesmentRest.Test_GetUsersRestService -->
