<?xml version="1.0" encoding="UTF-8"?>
<!-- Generated by org.testng.reporters.JUnitReportReporter -->
<testsuite hostname="MWLTPF1MEAFD" failures="0" tests="1" name="TakeAway.AssesmentRest.Test_Post" time="1.994" errors="0" timestamp="2019-10-08T13:55:40 SAST" skipped="0">
  <testcase classname="TakeAway.AssesmentRest.Test_Post" name="testIsReturningARequest" time="1.994"/>
</testsuite> <!-- TakeAway.AssesmentRest.Test_Post -->
