<?xml version="1.0" encoding="UTF-8"?>
<!-- Generated by org.testng.reporters.JUnitReportReporter -->
<testsuite hostname="MWLTPF1MEAFD" failures="0" tests="1" name="TakeAway.AssesmentRest.Test_GetUsersRestService" time="12.969" errors="0" timestamp="2019-10-08T20:13:15 SAST" skipped="0">
  <testcase classname="TakeAway.AssesmentRest.Test_GetUsersRestService" name="getUsersIsReturningRecords" time="12.969"/>
</testsuite> <!-- TakeAway.AssesmentRest.Test_GetUsersRestService -->
