<?xml version="1.0" encoding="UTF-8"?>
<!-- Generated by org.testng.reporters.JUnitReportReporter -->
<testsuite hostname="MWLTPF1MEAFD" failures="0" tests="1" name="TakeAway.AssesmentRest.Test_AddRecord" time="2.675" errors="0" timestamp="2019-10-09T18:46:13 SAST" skipped="0">
  <testcase classname="TakeAway.AssesmentRest.Test_AddRecord" name="testAddRecordAndConfirmRespond" time="2.675"/>
</testsuite> <!-- TakeAway.AssesmentRest.Test_AddRecord -->
