<?xml version="1.0" encoding="UTF-8"?>
<!-- Generated by org.testng.reporters.JUnitReportReporter -->
<testsuite hostname="MWLTPF1MEAFD" failures="0" tests="10" name="TakeAway.AssesmentRest.Test_BasicLoadTest" time="13.607" errors="0" timestamp="2019-10-09T15:10:05 SAST" skipped="0">
  <testcase classname="TakeAway.AssesmentRest.Test_BasicLoadTest" name="getAlbumsBasicLoadTest" time="0.782"/>
  <testcase classname="TakeAway.AssesmentRest.Test_BasicLoadTest" name="getAlbumsBasicLoadTest" time="0.750"/>
  <testcase classname="TakeAway.AssesmentRest.Test_BasicLoadTest" name="getAlbumsBasicLoadTest" time="3.677"/>
  <testcase classname="TakeAway.AssesmentRest.Test_BasicLoadTest" name="getAlbumsBasicLoadTest" time="3.676"/>
  <testcase classname="TakeAway.AssesmentRest.Test_BasicLoadTest" name="getAlbumsBasicLoadTest" time="0.889"/>
  <testcase classname="TakeAway.AssesmentRest.Test_BasicLoadTest" name="getAlbumsBasicLoadTest" time="0.888"/>
  <testcase classname="TakeAway.AssesmentRest.Test_BasicLoadTest" name="getAlbumsBasicLoadTest" time="0.707"/>
  <testcase classname="TakeAway.AssesmentRest.Test_BasicLoadTest" name="getAlbumsBasicLoadTest" time="0.749"/>
  <testcase classname="TakeAway.AssesmentRest.Test_BasicLoadTest" name="getAlbumsBasicLoadTest" time="0.701"/>
  <testcase classname="TakeAway.AssesmentRest.Test_BasicLoadTest" name="getAlbumsBasicLoadTest" time="0.788"/>
</testsuite> <!-- TakeAway.AssesmentRest.Test_BasicLoadTest -->
