<?xml version="1.0" encoding="UTF-8"?>
<!-- Generated by org.testng.reporters.JUnitReportReporter -->
<testsuite hostname="MWLTPF1MEAFD" failures="0" tests="1" name="TakeAway.AssesmentRest.Test_GetAlbumsRestService" time="2.332" errors="0" timestamp="2019-10-08T06:55:21 SAST" skipped="0">
  <testcase classname="TakeAway.AssesmentRest.Test_GetAlbumsRestService" name="testIsReturningARequest" time="2.332"/>
</testsuite> <!-- TakeAway.AssesmentRest.Test_GetAlbumsRestService -->
