<?xml version="1.0" encoding="UTF-8"?>
<!-- Generated by org.testng.reporters.JUnitReportReporter -->
<testsuite hostname="MWLTPF1MEAFD" failures="0" tests="3" name="TakeAway.AssesmentRest.Test_GetAlbumsRestService" time="5.214" errors="0" timestamp="2019-10-09T17:35:39 SAST" skipped="0">
  <testcase classname="TakeAway.AssesmentRest.Test_GetAlbumsRestService" name="getAlbumsIsReturningRecords" time="3.358"/>
  <testcase classname="TakeAway.AssesmentRest.Test_GetAlbumsRestService" name="logRespondsTimeOnGettingAllUsers" time="0.981"/>
  <testcase classname="TakeAway.AssesmentRest.Test_GetAlbumsRestService" name="getFirstAlbumRecordAndConfirmAllReturnedData" time="0.875"/>
</testsuite> <!-- TakeAway.AssesmentRest.Test_GetAlbumsRestService -->
