<?xml version="1.0" encoding="UTF-8"?>
<!-- Generated by org.testng.reporters.JUnitReportReporter -->
<testsuite hostname="MWLTPF1MEAFD" failures="0" tests="3" name="TakeAway.AssesmentRest.Test_GetAlbums" time="4.162" errors="0" timestamp="2019-10-09T18:38:11 SAST" skipped="0">
  <testcase classname="TakeAway.AssesmentRest.Test_GetAlbums" name="getAlbumsIsReturningRecords" time="2.438"/>
  <testcase classname="TakeAway.AssesmentRest.Test_GetAlbums" name="getFirstAlbumRecordAndConfirmAllReturnedData" time="0.855"/>
  <testcase classname="TakeAway.AssesmentRest.Test_GetAlbums" name="logRespondsTimeOnGettingAllUsers" time="0.869"/>
</testsuite> <!-- TakeAway.AssesmentRest.Test_GetAlbums -->
