<?xml version="1.0" encoding="UTF-8"?>
<!-- Generated by org.testng.reporters.JUnitReportReporter -->
<testsuite hostname="MWLTPF1MEAFD" failures="0" tests="1" name="TakeAway.AssesmentRest.Test_AddRecordAlternative" time="3.283" errors="0" timestamp="2019-10-09T17:56:24 SAST" skipped="0">
  <testcase classname="TakeAway.AssesmentRest.Test_AddRecordAlternative" name="testAddRecordAndConfirmRespondStatus" time="3.283"/>
</testsuite> <!-- TakeAway.AssesmentRest.Test_AddRecordAlternative -->
